<?xml version="1.0" encoding="UTF-8"?>
<!-- Generated by org.testng.reporters.JUnitXMLReporter -->
<testsuite ignored="0" hostname="DESKTOP-C68H35F" failures="3" tests="3" name="Default test(failed)" time="0.053" errors="0" timestamp="2023-07-26T14:11:29 IST">
  <testcase classname="com.Telecare.utilities.Reporting" name="onTestFailure on [Reporting passed=0 failed=0 skipped=0]" time="0.0">
    <failure type="org.testng.TestNGException" message="
Cannot inject @Test annotated Method [onTestFailure] with [interface org.testng.ITestResult].
For more information on native dependency injection please refer to https://testng.org/doc/documentation-main.html#native-dependency-injection">
      <![CDATA[org.testng.TestNGException: 
For more information on native dependency injection please refer to https://testng.org/doc/documentation-main.html#native-dependency-injection
at java.base/java.util.ArrayList.forEach(ArrayList.java:1511)
... Removed 27 stack frames]]>
    </failure>
  </testcase> <!-- onTestFailure on [Reporting passed=0 failed=0 skipped=0] -->
  <testcase classname="com.Telecare.utilities.Reporting" name="onTestSkipped on [Reporting passed=0 failed=0 skipped=0]" time="0.0">
    <failure type="org.testng.TestNGException" message="
Cannot inject @Test annotated Method [onTestSkipped] with [interface org.testng.ITestResult].
For more information on native dependency injection please refer to https://testng.org/doc/documentation-main.html#native-dependency-injection">
      <![CDATA[org.testng.TestNGException: 
For more information on native dependency injection please refer to https://testng.org/doc/documentation-main.html#native-dependency-injection
at java.base/java.util.ArrayList.forEach(ArrayList.java:1511)
... Removed 27 stack frames]]>
    </failure>
  </testcase> <!-- onTestSkipped on [Reporting passed=0 failed=0 skipped=0] -->
  <testcase classname="com.Telecare.utilities.Reporting" name="onTestSucess on [Reporting passed=0 failed=0 skipped=0]" time="0.0">
    <failure type="org.testng.TestNGException" message="
Cannot inject @Test annotated Method [onTestSucess] with [interface org.testng.ITestResult].
For more information on native dependency injection please refer to https://testng.org/doc/documentation-main.html#native-dependency-injection">
      <![CDATA[org.testng.TestNGException: 
For more information on native dependency injection please refer to https://testng.org/doc/documentation-main.html#native-dependency-injection
at java.base/java.util.ArrayList.forEach(ArrayList.java:1511)
... Removed 27 stack frames]]>
    </failure>
  </testcase> <!-- onTestSucess on [Reporting passed=0 failed=0 skipped=0] -->
</testsuite> <!-- Default test(failed) -->
